<?xml version="1.0" encoding="UTF-8"?>
<testng-results ignored="0" total="2" passed="1" failed="1" skipped="0">
  <reporter-output>
  </reporter-output>
  <suite started-at="2023-01-02T15:09:18 IST" name="Default suite" finished-at="2023-01-02T15:10:38 IST" duration-ms="79319">
    <groups>
    </groups>
    <test started-at="2023-01-02T15:09:18 IST" name="Default test" finished-at="2023-01-02T15:10:38 IST" duration-ms="79319">
      <class name="MODULE_01.TESTCLASS_01">
        <test-method is-config="true" signature="openbrowser()[pri:0, instance:MODULE_01.TESTCLASS_01@70e9c95d]" started-at="2023-01-02T15:09:18 IST" name="openbrowser" finished-at="2023-01-02T15:09:28 IST" duration-ms="10036" status="PASS">
          <reporter-output>
          </reporter-output>
        </test-method> <!-- openbrowser -->
        <test-method is-config="true" signature="invokebrowser1()[pri:0, instance:MODULE_01.TESTCLASS_01@70e9c95d]" started-at="2023-01-02T15:09:28 IST" name="invokebrowser1" finished-at="2023-01-02T15:09:29 IST" duration-ms="127" status="PASS">
          <reporter-output>
          </reporter-output>
        </test-method> <!-- invokebrowser1 -->
        <test-method signature="TC_01()[pri:0, instance:MODULE_01.TESTCLASS_01@70e9c95d]" started-at="2023-01-02T15:09:29 IST" name="TC_01" finished-at="2023-01-02T15:10:16 IST" duration-ms="47539" status="PASS">
          <reporter-output>
          </reporter-output>
        </test-method> <!-- TC_01 -->
        <test-method is-config="true" signature="logoutFromApp(org.testng.ITestResult)[pri:0, instance:MODULE_01.TESTCLASS_01@70e9c95d]" started-at="2023-01-02T15:10:16 IST" name="logoutFromApp" finished-at="2023-01-02T15:10:16 IST" duration-ms="3" status="PASS">
          <params>
            <param index="0">
              <value>
                <![CDATA[[TestResult name=TC_01 status=SUCCESS method=TESTCLASS_01.TC_01()[pri:0, instance:MODULE_01.TESTCLASS_01@70e9c95d] output={null}]]]>
              </value>
            </param>
          </params>
          <reporter-output>
          </reporter-output>
        </test-method> <!-- logoutFromApp -->
        <test-method is-config="true" signature="invokebrowser1()[pri:0, instance:MODULE_01.TESTCLASS_01@70e9c95d]" started-at="2023-01-02T15:10:16 IST" name="invokebrowser1" finished-at="2023-01-02T15:10:16 IST" duration-ms="0" status="PASS">
          <reporter-output>
          </reporter-output>
        </test-method> <!-- invokebrowser1 -->
        <test-method signature="click_on_footer()[pri:1, instance:MODULE_01.TESTCLASS_01@70e9c95d]" started-at="2023-01-02T15:10:16 IST" name="click_on_footer" finished-at="2023-01-02T15:10:36 IST" duration-ms="20048" status="FAIL">
          <exception class="java.lang.AssertionError">
            <message>
              <![CDATA[Failed:both result are different expected [null] but found [BuySAILsteel]]]>
            </message>
            <full-stacktrace>
              <![CDATA[java.lang.AssertionError: Failed:both result are different expected [null] but found [BuySAILsteel]
at org.testng.Assert.fail(Assert.java:99)
at org.testng.Assert.failNotEquals(Assert.java:1037)
at org.testng.Assert.assertEqualsImpl(Assert.java:140)
at org.testng.Assert.assertEquals(Assert.java:122)
at org.testng.Assert.assertEquals(Assert.java:629)
at Module1.POM_02_DETAILS.footerdetails(POM_02_DETAILS.java:39)
at MODULE_01.TESTCLASS_01.click_on_footer(TESTCLASS_01.java:54)
at java.base/jdk.internal.reflect.NativeMethodAccessorImpl.invoke0(Native Method)
at java.base/jdk.internal.reflect.NativeMethodAccessorImpl.invoke(NativeMethodAccessorImpl.java:62)
at java.base/jdk.internal.reflect.DelegatingMethodAccessorImpl.invoke(DelegatingMethodAccessorImpl.java:43)
at java.base/java.lang.reflect.Method.invoke(Method.java:566)
at org.testng.internal.MethodInvocationHelper.invokeMethod(MethodInvocationHelper.java:133)
at org.testng.internal.TestInvoker.invokeMethod(TestInvoker.java:598)
at org.testng.internal.TestInvoker.invokeTestMethod(TestInvoker.java:173)
at org.testng.internal.MethodRunner.runInSequence(MethodRunner.java:46)
at org.testng.internal.TestInvoker$MethodInvocationAgent.invoke(TestInvoker.java:824)
at org.testng.internal.TestInvoker.invokeTestMethods(TestInvoker.java:146)
at org.testng.internal.TestMethodWorker.invokeTestMethods(TestMethodWorker.java:146)
at org.testng.internal.TestMethodWorker.run(TestMethodWorker.java:128)
at java.base/java.util.ArrayList.forEach(ArrayList.java:1541)
at org.testng.TestRunner.privateRun(TestRunner.java:794)
at org.testng.TestRunner.run(TestRunner.java:596)
at org.testng.SuiteRunner.runTest(SuiteRunner.java:377)
at org.testng.SuiteRunner.runSequentially(SuiteRunner.java:371)
at org.testng.SuiteRunner.privateRun(SuiteRunner.java:332)
at org.testng.SuiteRunner.run(SuiteRunner.java:276)
at org.testng.SuiteRunnerWorker.runSuite(SuiteRunnerWorker.java:53)
at org.testng.SuiteRunnerWorker.run(SuiteRunnerWorker.java:96)
at org.testng.TestNG.runSuitesSequentially(TestNG.java:1212)
at org.testng.TestNG.runSuitesLocally(TestNG.java:1134)
at org.testng.TestNG.runSuites(TestNG.java:1063)
at org.testng.TestNG.run(TestNG.java:1031)
at org.testng.remote.AbstractRemoteTestNG.run(AbstractRemoteTestNG.java:115)
at org.testng.remote.RemoteTestNG.initAndRun(RemoteTestNG.java:251)
at org.testng.remote.RemoteTestNG.main(RemoteTestNG.java:77)
]]>
            </full-stacktrace>
          </exception> <!-- java.lang.AssertionError -->
          <reporter-output>
          </reporter-output>
        </test-method> <!-- click_on_footer -->
        <test-method is-config="true" signature="logoutFromApp(org.testng.ITestResult)[pri:0, instance:MODULE_01.TESTCLASS_01@70e9c95d]" started-at="2023-01-02T15:10:36 IST" name="logoutFromApp" finished-at="2023-01-02T15:10:37 IST" duration-ms="1226" status="PASS">
          <params>
            <param index="0">
              <value>
                <![CDATA[[TestResult name=click_on_footer status=FAILURE method=TESTCLASS_01.click_on_footer()[pri:1, instance:MODULE_01.TESTCLASS_01@70e9c95d] output={null}]]]>
              </value>
            </param>
          </params>
          <reporter-output>
          </reporter-output>
        </test-method> <!-- logoutFromApp -->
        <test-method is-config="true" signature="closebrowser()[pri:0, instance:MODULE_01.TESTCLASS_01@70e9c95d]" started-at="2023-01-02T15:10:37 IST" name="closebrowser" finished-at="2023-01-02T15:10:38 IST" duration-ms="229" status="PASS">
          <reporter-output>
          </reporter-output>
        </test-method> <!-- closebrowser -->
      </class> <!-- MODULE_01.TESTCLASS_01 -->
    </test> <!-- Default test -->
  </suite> <!-- Default suite -->
</testng-results>
